[0m11:15:24.636656 [debug] [MainThread]: Sending event: {'category': 'dbt', 'action': 'invocation', 'label': 'start', 'context': [<snowplow_tracker.self_describing_json.SelfDescribingJson object at 0x7f37777004c0>, <snowplow_tracker.self_describing_json.SelfDescribingJson object at 0x7f3775bfcee0>, <snowplow_tracker.self_describing_json.SelfDescribingJson object at 0x7f3775bfce80>]}


============================== 11:15:24.639435 | 8e127811-88fa-436c-adb3-c9e3cbbb6b83 ==============================
[0m11:15:24.639435 [info ] [MainThread]: Running with dbt=1.8.3
[0m11:15:24.640343 [debug] [MainThread]: running dbt with arguments {'printer_width': '80', 'indirect_selection': 'eager', 'log_cache_events': 'False', 'write_json': 'True', 'partial_parse': 'True', 'cache_selected_only': 'False', 'warn_error': 'None', 'fail_fast': 'False', 'debug': 'False', 'log_path': 'logs', 'profiles_dir': '/home/ibrian93/.dbt', 'version_check': 'True', 'use_colors': 'True', 'use_experimental_parser': 'False', 'no_print': 'None', 'quiet': 'False', 'empty': 'None', 'log_format': 'default', 'static_parser': 'True', 'introspect': 'True', 'warn_error_options': 'WarnErrorOptions(include=[], exclude=[])', 'target_path': 'None', 'invocation_command': 'dbt init', 'send_anonymous_usage_stats': 'True'}
[0m11:15:24.646023 [warn ] [MainThread]: [ConfigFolderDirectory]: Unable to parse dict {'dir': PosixPath('/home/ibrian93/.dbt')}
[0m11:15:24.646436 [info ] [MainThread]: Creating dbt configuration folder at 
[0m11:15:41.397380 [debug] [MainThread]: Starter project path: /home/ibrian93/data-engineer-project/dbt-env/lib/python3.10/site-packages/dbt/include/starter_project
[0m11:15:41.403256 [info ] [MainThread]: 
Your new dbt project "customm_project" was created!

For more information on how to configure the profiles.yml file,
please consult the dbt documentation here:

  https://docs.getdbt.com/docs/configure-your-profile

One more thing:

Need help? Don't hesitate to reach out to us via GitHub issues or on Slack:

  https://community.getdbt.com/

Happy modeling!

[0m11:15:41.403968 [info ] [MainThread]: Setting up your profile.
[0m11:16:55.133844 [info ] [MainThread]: Profile customm_project written to /home/ibrian93/.dbt/profiles.yml using target's profile_template.yml and your supplied values. Run 'dbt debug' to validate the connection.
[0m11:16:55.138337 [debug] [MainThread]: Resource report: {"command_name": "init", "command_success": true, "command_wall_clock_time": 90.54013, "process_user_time": 0.772635, "process_kernel_time": 0.040483, "process_mem_max_rss": "94724", "process_in_blocks": "2472", "process_out_blocks": "80"}
[0m11:16:55.139117 [debug] [MainThread]: Command `dbt init` succeeded at 11:16:55.138974 after 90.54 seconds
[0m11:16:55.139615 [debug] [MainThread]: Sending event: {'category': 'dbt', 'action': 'invocation', 'label': 'end', 'context': [<snowplow_tracker.self_describing_json.SelfDescribingJson object at 0x7f37777004c0>, <snowplow_tracker.self_describing_json.SelfDescribingJson object at 0x7f3775b58a30>, <snowplow_tracker.self_describing_json.SelfDescribingJson object at 0x7f3775bfd270>]}
[0m11:16:55.140133 [debug] [MainThread]: Flushing usage events
[0m11:17:01.065838 [debug] [MainThread]: Sending event: {'category': 'dbt', 'action': 'invocation', 'label': 'start', 'context': [<snowplow_tracker.self_describing_json.SelfDescribingJson object at 0x7f5744b70460>, <snowplow_tracker.self_describing_json.SelfDescribingJson object at 0x7f57430bc8e0>, <snowplow_tracker.self_describing_json.SelfDescribingJson object at 0x7f57430bc850>]}


============================== 11:17:01.068098 | 411e2322-4a29-4bc5-a673-4f23bbad2407 ==============================
[0m11:17:01.068098 [info ] [MainThread]: Running with dbt=1.8.3
[0m11:17:01.068438 [debug] [MainThread]: running dbt with arguments {'printer_width': '80', 'indirect_selection': 'eager', 'write_json': 'True', 'log_cache_events': 'False', 'partial_parse': 'True', 'cache_selected_only': 'False', 'warn_error': 'None', 'version_check': 'True', 'profiles_dir': '/home/ibrian93/.dbt', 'log_path': 'logs', 'debug': 'False', 'fail_fast': 'False', 'use_colors': 'True', 'use_experimental_parser': 'False', 'no_print': 'None', 'quiet': 'False', 'empty': 'None', 'log_format': 'default', 'invocation_command': 'dbt init', 'introspect': 'True', 'warn_error_options': 'WarnErrorOptions(include=[], exclude=[])', 'target_path': 'None', 'static_parser': 'True', 'send_anonymous_usage_stats': 'True'}
[0m11:17:06.184502 [debug] [MainThread]: Starter project path: /home/ibrian93/data-engineer-project/dbt-env/lib/python3.10/site-packages/dbt/include/starter_project
[0m11:17:06.190370 [info ] [MainThread]: 
Your new dbt project "custom_project" was created!

For more information on how to configure the profiles.yml file,
please consult the dbt documentation here:

  https://docs.getdbt.com/docs/configure-your-profile

One more thing:

Need help? Don't hesitate to reach out to us via GitHub issues or on Slack:

  https://community.getdbt.com/

Happy modeling!

[0m11:17:06.190911 [info ] [MainThread]: Setting up your profile.
[0m11:18:26.691810 [info ] [MainThread]: Profile custom_project written to /home/ibrian93/.dbt/profiles.yml using target's profile_template.yml and your supplied values. Run 'dbt debug' to validate the connection.
[0m11:18:26.692966 [debug] [MainThread]: Resource report: {"command_name": "init", "command_success": true, "command_wall_clock_time": 85.66643, "process_user_time": 0.746771, "process_kernel_time": 0.073644, "process_mem_max_rss": "94708", "process_in_blocks": "8424", "process_out_blocks": "88"}
[0m11:18:26.693650 [debug] [MainThread]: Command `dbt init` succeeded at 11:18:26.693522 after 85.67 seconds
[0m11:18:26.694076 [debug] [MainThread]: Sending event: {'category': 'dbt', 'action': 'invocation', 'label': 'end', 'context': [<snowplow_tracker.self_describing_json.SelfDescribingJson object at 0x7f5744b70460>, <snowplow_tracker.self_describing_json.SelfDescribingJson object at 0x7f5742fe49a0>, <snowplow_tracker.self_describing_json.SelfDescribingJson object at 0x7f57430bf4c0>]}
[0m11:18:26.694485 [debug] [MainThread]: Flushing usage events
